<?xml version="1.0" encoding="UTF-8"?>
<!-- Generated by org.testng.reporters.JUnitXMLReporter -->
<testsuite ignored="0" hostname="DESKTOP-EV9AUJL" failures="0" tests="12" name="Default test" time="20.749" errors="0" timestamp="2024-03-02T11:59:06 IST">
  <testcase classname="Api_Tests.DataDrivenTest" name="testPostUser" time="4.46"/>
  <testcase classname="Api_Tests.DataDrivenTest" name="testPostUser" time="1.134"/>
  <testcase classname="Api_Tests.DataDrivenTest" name="testPostUser" time="1.173"/>
  <testcase classname="Api_Tests.DataDrivenTest" name="testPostUser" time="1.148"/>
  <testcase classname="Api_Tests.DataDrivenTest" name="testGetUser" time="1.114"/>
  <testcase classname="Api_Tests.DataDrivenTest" name="testGetUser" time="1.133"/>
  <testcase classname="Api_Tests.DataDrivenTest" name="testGetUser" time="1.118"/>
  <testcase classname="Api_Tests.DataDrivenTest" name="testGetUser" time="1.096"/>
  <testcase classname="Api_Tests.DataDrivenTest" name="testDeleteUser" time="1.099"/>
  <testcase classname="Api_Tests.DataDrivenTest" name="testDeleteUser" time="1.113"/>
  <testcase classname="Api_Tests.DataDrivenTest" name="testDeleteUser" time="1.116"/>
  <testcase classname="Api_Tests.DataDrivenTest" name="testDeleteUser" time="1.104"/>
</testsuite> <!-- Default test -->
