<?xml version="1.0" encoding="UTF-8"?>
<!-- Generated by org.testng.reporters.JUnitXMLReporter -->
<testsuite ignored="0" hostname="DESKTOP-EV9AUJL" failures="0" tests="4" name="Test" time="10.497" errors="0" timestamp="2024-03-03T17:01:08 IST">
  <testcase classname="Api_Tests.UserTests2" name="testPostUser" time="4.57"/>
  <testcase classname="Api_Tests.UserTests2" name="testGetUser" time="1.216"/>
  <testcase classname="Api_Tests.UserTests2" name="testUpdateUser" time="1.177"/>
  <testcase classname="Api_Tests.UserTests2" name="testDeleteUser" time="1.176"/>
</testsuite> <!-- Test -->
