<?xml version="1.0" encoding="UTF-8"?>
<!-- Generated by org.testng.reporters.JUnitXMLReporter -->
<testsuite ignored="0" hostname="DESKTOP-EV9AUJL" failures="0" tests="4" name="Test" time="11.613" errors="0" timestamp="2024-03-05T13:13:37 IST">
  <testcase classname="Api_Tests.UserTests2" name="testPostUser" time="5.747"/>
  <testcase classname="Api_Tests.UserTests2" name="testGetUser" time="1.19"/>
  <testcase classname="Api_Tests.UserTests2" name="testUpdateUser" time="1.145"/>
  <testcase classname="Api_Tests.UserTests2" name="testDeleteUser" time="1.165"/>
</testsuite> <!-- Test -->
