<?xml version="1.0" encoding="UTF-8"?>
<!-- Generated by org.testng.reporters.JUnitXMLReporter -->
<testsuite ignored="0" hostname="DESKTOP-EV9AUJL" failures="0" tests="4" name="Test" time="10.866" errors="0" timestamp="2024-03-04T17:12:20 IST">
  <testcase classname="Api_Tests.UserTests2" name="testPostUser" time="5.535"/>
  <testcase classname="Api_Tests.UserTests2" name="testGetUser" time="1.212"/>
  <testcase classname="Api_Tests.UserTests2" name="testUpdateUser" time="1.163"/>
  <testcase classname="Api_Tests.UserTests2" name="testDeleteUser" time="1.2"/>
</testsuite> <!-- Test -->
