<?xml version="1.0" encoding="UTF-8"?>
<testng-results ignored="0" total="4" passed="4" failed="0" skipped="0">
  <reporter-output>
  </reporter-output>
  <suite started-at="2024-03-05T13:13:25 IST" name="Suite" finished-at="2024-03-05T13:13:37 IST" duration-ms="11613">
    <groups>
    </groups>
    <test started-at="2024-03-05T13:13:25 IST" name="Test" finished-at="2024-03-05T13:13:37 IST" duration-ms="11613">
      <class name="Api_Tests.UserTests2">
        <test-method is-config="true" signature="setUpData()[pri:0, instance:Api_Tests.UserTests2@481a996b]" started-at="2024-03-05T13:13:26 IST" name="setUpData" finished-at="2024-03-05T13:13:27 IST" duration-ms="1639" status="PASS">
          <reporter-output>
          </reporter-output>
        </test-method> <!-- setUpData -->
        <test-method signature="testPostUser()[pri:1, instance:Api_Tests.UserTests2@481a996b]" started-at="2024-03-05T13:13:27 IST" name="testPostUser" finished-at="2024-03-05T13:13:33 IST" duration-ms="5747" status="PASS">
          <reporter-output>
          </reporter-output>
        </test-method> <!-- testPostUser -->
        <test-method signature="testGetUser()[pri:2, instance:Api_Tests.UserTests2@481a996b]" started-at="2024-03-05T13:13:33 IST" name="testGetUser" finished-at="2024-03-05T13:13:34 IST" duration-ms="1190" status="PASS">
          <reporter-output>
          </reporter-output>
        </test-method> <!-- testGetUser -->
        <test-method signature="testUpdateUser()[pri:3, instance:Api_Tests.UserTests2@481a996b]" started-at="2024-03-05T13:13:34 IST" name="testUpdateUser" finished-at="2024-03-05T13:13:36 IST" duration-ms="1145" status="PASS">
          <reporter-output>
          </reporter-output>
        </test-method> <!-- testUpdateUser -->
        <test-method signature="testDeleteUser()[pri:4, instance:Api_Tests.UserTests2@481a996b]" started-at="2024-03-05T13:13:36 IST" name="testDeleteUser" finished-at="2024-03-05T13:13:37 IST" duration-ms="1165" status="PASS">
          <reporter-output>
          </reporter-output>
        </test-method> <!-- testDeleteUser -->
      </class> <!-- Api_Tests.UserTests2 -->
    </test> <!-- Test -->
  </suite> <!-- Suite -->
</testng-results>
